


{"painting": {"id": 1, "is_new": true}, "relations": {"Depiction": {"id": 1, "is_new": true}}}
{"painting": {"id": 2, "is_new": true}, "relations": {}}
{"painting": {"id": 3, "is_new": true}, "relations": {"Location": {"id": 1, "is_new": true}, "Genre": {"id": 1, "is_new": true}, "Creator": {"id": 1, "is_new": true}, "Material": {"id": 1, "is_new": true}, "Depiction": {"id": 1, "is_new": false}}}
{"painting": {"id": 3, "is_new": false}, "relations": {"Location": {"id": 1, "is_new": false}, "Genre": {"id": 1, "is_new": false}, "Creator": {"id": 1, "is_new": false}, "Material": {"id": 2, "is_new": true}, "Depiction": {"id": 1, "is_new": false}}}
{"painting": {"id": 3, "is_new": false}, "relations": {"Location": {"id": 1, "is_new": false}, "Genre": {"id": 1, "is_new": false}, "Creator": {"id": 1, "is_new": false}, "Material": {"id": 1, "is_new": false}, "Depiction": {"id": 2, "is_new": true}}}
{"painting": {"id": 3, "is_new": false}, "relations": {"Location": {"id": 1, "is_new": false}, "Genre": {"id": 1, "is_new": false}, "Creator": {"id": 1, "is_new": false}, "Material": {"id": 2, "is_new": false}, "Depiction": {"id": 2, "is_new": false}}}
{"painting": {"id": 3, "is_new": false}, "relations": {"Location": {"id": 1, "is_new": false}, "Genre": {"id": 1, "is_new": false}, "Creator": {"id": 1, "is_new": false}, "Material": {"id": 1, "is_new": false}, "Depiction": {"id": 3, "is_new": true}}}
{"painting": {"id": 3, "is_new": false}, "relations": {"Location": {"id": 1, "is_new": false}, "Genre": {"id": 1, "is_new": false}, "Creator": {"id": 1, "is_new": false}, "Material": {"id": 2, "is_new": false}, "Depiction": {"id": 3, "is_new": false}}}
{"painting": {"id": 3, "is_new": false}, "relations": {"Location": {"id": 1, "is_new": false}, "Genre": {"id": 1, "is_new": false}, "Creator": {"id": 1, "is_new": false}, "Material": {"id": 1, "is_new": false}, "Depiction": {"id": 4, "is_new": true}}}
{"painting": {"id": 3, "is_new": false}, "relations": {"Location": {"id": 1, "is_new": false}, "Genre": {"id": 1, "is_new": false}, "Creator": {"id": 1, "is_new": false}, "Material": {"id": 2, "is_new": false}, "Depiction": {"id": 4, "is_new": false}}}
{"painting": {"id": 3, "is_new": false}, "relations": {"Location": {"id": 1, "is_new": false}, "Genre": {"id": 1, "is_new": false}, "Creator": {"id": 1, "is_new": false}, "Material": {"id": 1, "is_new": false}, "Depiction": {"id": 5, "is_new": true}}}
{"painting": {"id": 3, "is_new": false}, "relations": {"Location": {"id": 1, "is_new": false}, "Genre": {"id": 1, "is_new": false}, "Creator": {"id": 1, "is_new": false}, "Material": {"id": 2, "is_new": false}, "Depiction": {"id": 5, "is_new": false}}}
{"painting": {"id": 4, "is_new": true}, "relations": {"Location": {"id": 2, "is_new": true}, "Creator": {"id": 2, "is_new": true}, "Depiction": {"id": 6, "is_new": true}}}
{"painting": {"id": 4, "is_new": false}, "relations": {"Location": {"id": 2, "is_new": false}, "Creator": {"id": 2, "is_new": false}, "Depiction": {"id": 7, "is_new": true}}}
{"painting": {"id": 4, "is_new": false}, "relations": {"Location": {"id": 2, "is_new": false}, "Creator": {"id": 2, "is_new": false}, "Depiction": {"id": 8, "is_new": true}}}
{"painting": {"id": 4, "is_new": false}, "relations": {"Location": {"id": 2, "is_new": false}, "Creator": {"id": 2, "is_new": false}, "Depiction": {"id": 9, "is_new": true}}}
{"painting": {"id": 5, "is_new": true}, "relations": {"Location": {"id": 1, "is_new": false}, "Genre": {"id": 2, "is_new": true}, "Creator": {"id": 3, "is_new": true}, "Material": {"id": 3, "is_new": true}, "Depiction": {"id": 10, "is_new": true}}}
{"painting": {"id": 5, "is_new": false}, "relations": {"Location": {"id": 1, "is_new": false}, "Genre": {"id": 2, "is_new": false}, "Creator": {"id": 3, "is_new": false}, "Material": {"id": 2, "is_new": false}, "Depiction": {"id": 10, "is_new": false}}}
{"painting": {"id": 5, "is_new": false}, "relations": {"Location": {"id": 1, "is_new": false}, "Genre": {"id": 2, "is_new": false}, "Creator": {"id": 3, "is_new": false}, "Material": {"id": 3, "is_new": false}, "Depiction": {"id": 11, "is_new": true}}}
{"painting": {"id": 5, "is_new": false}, "relations": {"Location": {"id": 1, "is_new": false}, "Genre": {"id": 2, "is_new": false}, "Creator": {"id": 3, "is_new": false}, "Material": {"id": 2, "is_new": false}, "Depiction": {"id": 11, "is_new": false}}}
{"painting": {"id": 5, "is_new": false}, "relations": {"Location": {"id": 1, "is_new": false}, "Genre": {"id": 2, "is_new": false}, "Creator": {"id": 3, "is_new": false}, "Material": {"id": 3, "is_new": false}, "Depiction": {"id": 12, "is_new": true}}}
{"painting": {"id": 5, "is_new": false}, "relations": {"Location": {"id": 1, "is_new": false}, "Genre": {"id": 2, "is_new": false}, "Creator": {"id": 3, "is_new": false}, "Material": {"id": 2, "is_new": false}, "Depiction": {"id": 12, "is_new": false}}}
{"painting": {"id": 5, "is_new": false}, "relations": {"Location": {"id": 1, "is_new": false}, "Genre": {"id": 2, "is_new": false}, "Creator": {"id": 3, "is_new": false}, "Material": {"id": 3, "is_new": false}, "Depiction": {"id": 13, "is_new": true}}}
{"painting": {"id": 5, "is_new": false}, "relations": {"Location": {"id": 1, "is_new": false}, "Genre": {"id": 2, "is_new": false}, "Creator": {"id": 3, "is_new": false}, "Material": {"id": 2, "is_new": false}, "Depiction": {"id": 13, "is_new": false}}}
{"painting": {"id": 5, "is_new": false}, "relations": {"Location": {"id": 1, "is_new": false}, "Genre": {"id": 2, "is_new": false}, "Creator": {"id": 3, "is_new": false}, "Material": {"id": 3, "is_new": false}, "Depiction": {"id": 14, "is_new": true}}}
{"painting": {"id": 5, "is_new": false}, "relations": {"Location": {"id": 1, "is_new": false}, "Genre": {"id": 2, "is_new": false}, "Creator": {"id": 3, "is_new": false}, "Material": {"id": 2, "is_new": false}, "Depiction": {"id": 14, "is_new": false}}}
{"painting": {"id": 6, "is_new": true}, "relations": {"Material": {"id": 4, "is_new": true}}}
{"painting": {"id": 6, "is_new": false}, "relations": {"Material": {"id": 1, "is_new": false}}}
{"painting": {"id": 7, "is_new": true}, "relations": {"Creator": {"id": 4, "is_new": true}, "Material": {"id": 5, "is_new": true}}}
{"painting": {"id": 7, "is_new": false}, "relations": {"Creator": {"id": 4, "is_new": false}, "Material": {"id": 4, "is_new": false}}}
{"painting": {"id": 7, "is_new": false}, "relations": {"Creator": {"id": 4, "is_new": false}, "Material": {"id": 1, "is_new": false}}}
{"painting": {"id": 7, "is_new": false}, "relations": {"Creator": {"id": 4, "is_new": false}, "Material": {"id": 2, "is_new": false}}}
{"painting": {"id": 8, "is_new": true}, "relations": {"Material": {"id": 5, "is_new": false}}}
{"painting": {"id": 8, "is_new": false}, "relations": {"Material": {"id": 4, "is_new": false}}}
{"painting": {"id": 8, "is_new": false}, "relations": {"Material": {"id": 1, "is_new": false}}}
{"painting": {"id": 8, "is_new": false}, "relations": {"Material": {"id": 2, "is_new": false}}}
{"painting": {"id": 9, "is_new": true}, "relations": {"Material": {"id": 6, "is_new": true}}}
{"painting": {"id": 9, "is_new": false}, "relations": {"Material": {"id": 4, "is_new": false}}}
{"painting": {"id": 9, "is_new": false}, "relations": {"Material": {"id": 1, "is_new": false}}}
{"painting": {"id": 10, "is_new": true}, "relations": {"Material": {"id": 1, "is_new": false}}}
{"painting": {"id": 10, "is_new": false}, "relations": {"Material": {"id": 2, "is_new": false}}}
{"painting": {"id": 11, "is_new": true}, "relations": {"Depiction": {"id": 15, "is_new": true}}}
{"painting": {"id": 11, "is_new": false}, "relations": {"Depiction": {"id": 15, "is_new": false}}}
{"painting": {"id": 11, "is_new": false}, "relations": {"Depiction": {"id": 15, "is_new": false}}}
{"painting": {"id": 11, "is_new": false}, "relations": {"Depiction": {"id": 15, "is_new": false}}}
{"painting": {"id": 12, "is_new": true}, "relations": {"Material": {"id": 5, "is_new": false}}}
{"painting": {"id": 12, "is_new": false}, "relations": {"Material": {"id": 6, "is_new": false}}}
{"painting": {"id": 12, "is_new": false}, "relations": {"Material": {"id": 7, "is_new": true}}}
{"painting": {"id": 13, "is_new": true}, "relations": {"Location": {"id": 3, "is_new": true}, "Creator": {"id": 5, "is_new": true}, "Material": {"id": 6, "is_new": false}}}
{"painting": {"id": 13, "is_new": false}, "relations": {"Location": {"id": 3, "is_new": false}, "Creator": {"id": 5, "is_new": false}, "Material": {"id": 7, "is_new": false}}}
{"painting": {"id": 13, "is_new": false}, "relations": {"Location": {"id": 3, "is_new": false}, "Creator": {"id": 5, "is_new": false}, "Material": {"id": 8, "is_new": true}}}
{"painting": {"id": 14, "is_new": true}, "relations": {"Depiction": {"id": 16, "is_new": true}}}
{"painting": {"id": 14, "is_new": false}, "relations": {"Depiction": {"id": 17, "is_new": true}}}
{"painting": {"id": 15, "is_new": true}, "relations": {"Creator": {"id": 6, "is_new": true}, "Material": {"id": 5, "is_new": false}, "Depiction": {"id": 18, "is_new": true}}}
{"painting": {"id": 15, "is_new": false}, "relations": {"Creator": {"id": 6, "is_new": false}, "Material": {"id": 9, "is_new": true}, "Depiction": {"id": 18, "is_new": false}}}
{"painting": {"id": 15, "is_new": false}, "relations": {"Creator": {"id": 6, "is_new": false}, "Material": {"id": 6, "is_new": false}, "Depiction": {"id": 18, "is_new": false}}}
{"painting": {"id": 15, "is_new": false}, "relations": {"Creator": {"id": 6, "is_new": false}, "Material": {"id": 4, "is_new": false}, "Depiction": {"id": 18, "is_new": false}}}
{"painting": {"id": 15, "is_new": false}, "relations": {"Creator": {"id": 6, "is_new": false}, "Material": {"id": 10, "is_new": true}, "Depiction": {"id": 18, "is_new": false}}}
{"painting": {"id": 15, "is_new": false}, "relations": {"Creator": {"id": 6, "is_new": false}, "Material": {"id": 5, "is_new": false}, "Depiction": {"id": 18, "is_new": false}}}
{"painting": {"id": 15, "is_new": false}, "relations": {"Creator": {"id": 6, "is_new": false}, "Material": {"id": 9, "is_new": false}, "Depiction": {"id": 18, "is_new": false}}}
{"painting": {"id": 15, "is_new": false}, "relations": {"Creator": {"id": 6, "is_new": false}, "Material": {"id": 6, "is_new": false}, "Depiction": {"id": 18, "is_new": false}}}
{"painting": {"id": 15, "is_new": false}, "relations": {"Creator": {"id": 6, "is_new": false}, "Material": {"id": 4, "is_new": false}, "Depiction": {"id": 18, "is_new": false}}}
{"painting": {"id": 15, "is_new": false}, "relations": {"Creator": {"id": 6, "is_new": false}, "Material": {"id": 10, "is_new": false}, "Depiction": {"id": 18, "is_new": false}}}
{"painting": {"id": 15, "is_new": false}, "relations": {"Creator": {"id": 6, "is_new": false}, "Material": {"id": 5, "is_new": false}, "Depiction": {"id": 18, "is_new": false}}}
{"painting": {"id": 15, "is_new": false}, "relations": {"Creator": {"id": 6, "is_new": false}, "Material": {"id": 9, "is_new": false}, "Depiction": {"id": 18, "is_new": false}}}
{"painting": {"id": 15, "is_new": false}, "relations": {"Creator": {"id": 6, "is_new": false}, "Material": {"id": 6, "is_new": false}, "Depiction": {"id": 18, "is_new": false}}}
{"painting": {"id": 15, "is_new": false}, "relations": {"Creator": {"id": 6, "is_new": false}, "Material": {"id": 4, "is_new": false}, "Depiction": {"id": 18, "is_new": false}}}
{"painting": {"id": 15, "is_new": false}, "relations": {"Creator": {"id": 6, "is_new": false}, "Material": {"id": 10, "is_new": false}, "Depiction": {"id": 18, "is_new": false}}}
{"painting": {"id": 16, "is_new": true}, "relations": {"Creator": {"id": 2, "is_new": false}, "Depiction": {"id": 7, "is_new": false}}}
{"painting": {"id": 16, "is_new": false}, "relations": {"Creator": {"id": 2, "is_new": false}, "Depiction": {"id": 7, "is_new": false}}}
{"painting": {"id": 17, "is_new": true}, "relations": {}}
{"painting": {"id": 18, "is_new": true}, "relations": {"Location": {"id": 4, "is_new": true}, "Creator": {"id": 7, "is_new": true}, "Depiction": {"id": 6, "is_new": false}}}
{"painting": {"id": 18, "is_new": false}, "relations": {"Location": {"id": 4, "is_new": false}, "Creator": {"id": 7, "is_new": false}, "Depiction": {"id": 19, "is_new": true}}}
{"painting": {"id": 19, "is_new": true}, "relations": {"Location": {"id": 4, "is_new": false}, "Creator": {"id": 8, "is_new": true}, "Depiction": {"id": 20, "is_new": true}}}
{"painting": {"id": 19, "is_new": false}, "relations": {"Location": {"id": 4, "is_new": false}, "Creator": {"id": 8, "is_new": false}, "Depiction": {"id": 21, "is_new": true}}}
{"painting": {"id": 20, "is_new": true}, "relations": {"Location": {"id": 4, "is_new": false}, "Creator": {"id": 9, "is_new": true}, "Depiction": {"id": 20, "is_new": false}}}
{"painting": {"id": 20, "is_new": false}, "relations": {"Location": {"id": 4, "is_new": false}, "Creator": {"id": 9, "is_new": false}, "Depiction": {"id": 22, "is_new": true}}}
{"painting": {"id": 20, "is_new": false}, "relations": {"Location": {"id": 4, "is_new": false}, "Creator": {"id": 9, "is_new": false}, "Depiction": {"id": 23, "is_new": true}}}
